<?xml version="1.0" encoding="UTF-8"?>
<!-- Generated by org.testng.reporters.JUnitXMLReporter -->
<testsuite ignored="0" hostname="DESKTOP-1U1S0Q0" failures="1" tests="3" name="ErrorvalidationTest" time="17.888" errors="0" timestamp="2024-02-22T23:11:17 IST">
  <testcase classname="Tests.ErrorValidationTest" name="LoginErrorValidation" time="1.031">
    <skipped/>
  </testcase> <!-- LoginErrorValidation -->
  <testcase classname="Tests.ErrorValidationTest" name="LoginErrorValidation" time="0.919">
    <failure type="java.lang.AssertionError" message="expected [Incorrect email or password.] but found [Incorrect email or password1.]">
      <![CDATA[java.lang.AssertionError: expected [Incorrect email or password.] but found [Incorrect email or password1.]
at Tests.ErrorValidationTest.LoginErrorValidation(ErrorValidationTest.java:34)
at java.base/java.util.ArrayList.forEach(ArrayList.java:1511)
... Removed 33 stack frames]]>
    </failure>
  </testcase> <!-- LoginErrorValidation -->
  <testcase classname="Tests.ErrorValidationTest" name="productErrorValidation" time="2.559"/>
</testsuite> <!-- ErrorvalidationTest -->
